<?xml version="1.0" encoding="UTF-8"?>
<Site BuildName="(empty)"
	BuildStamp="20240311-0832-Experimental"
	Name="LAPTOP-13MJ9DKI"
	Generator="ctest-3.16.3"
	CompilerName="/usr/bin/g++"
	CompilerVersion="9.4.0"
	OSName="Linux"
	Hostname="LAPTOP-13MJ9DKI"
	OSRelease="5.15.133.1-microsoft-standard-WSL2"
	OSVersion="#1 SMP Thu Oct 5 21:02:42 UTC 2023"
	OSPlatform="x86_64"
	Is64Bits="1"
	VendorString="GenuineIntel"
	VendorID="Intel Corporation"
	FamilyID="6"
	ModelID="186"
	ProcessorCacheSize="18432"
	NumberOfLogicalCPU="16"
	NumberOfPhysicalCPU="8"
	TotalVirtualMemory="4096"
	TotalPhysicalMemory="15858"
	LogicalProcessorsPerPhysical="2"
	ProcessorClockFrequency="3187.21"
	>
	<Testing>
		<StartDateTime>Mar 11 16:32 CST</StartDateTime>
		<StartTestTime>1710145925</StartTestTime>
		<TestList/>
		<EndDateTime>Mar 11 16:32 CST</EndDateTime>
		<EndTestTime>1710145925</EndTestTime>
		<ElapsedMinutes>0</ElapsedMinutes>
	</Testing>
</Site>
