[0.073s] Invoking command in '/home/shen/learn/ROS2/enet_driver_ws/build/enet_sender_node': CMAKE_PREFIX_PATH=${CMAKE_PREFIX_PATH}:/opt/ros/humble /usr/bin/cmake --build /home/shen/learn/ROS2/enet_driver_ws/build/enet_sender_node -- -j16 -l16
[0.096s] -- Found ament_cmake: 1.3.6 (/opt/ros/humble/share/ament_cmake/cmake)
[0.307s] -- Found rclcpp: 16.0.7 (/opt/ros/humble/share/rclcpp/cmake)
[0.337s] -- Found rosidl_generator_c: 3.1.5 (/opt/ros/humble/share/rosidl_generator_c/cmake)
[0.339s] -- Found rosidl_adapter: 3.1.5 (/opt/ros/humble/share/rosidl_adapter/cmake)
[0.345s] -- Found rosidl_generator_cpp: 3.1.5 (/opt/ros/humble/share/rosidl_generator_cpp/cmake)
[0.359s] -- Using all available rosidl_typesupport_c: rosidl_typesupport_fastrtps_c;rosidl_typesupport_introspection_c
[0.373s] -- Using all available rosidl_typesupport_cpp: rosidl_typesupport_fastrtps_cpp;rosidl_typesupport_introspection_cpp
[0.434s] -- Found rmw_implementation_cmake: 6.1.1 (/opt/ros/humble/share/rmw_implementation_cmake/cmake)
[0.437s] -- Found rmw_cyclonedds_cpp: 1.3.4 (/opt/ros/humble/share/rmw_cyclonedds_cpp/cmake)
[0.471s] -- Using RMW implementation 'rmw_cyclonedds_cpp' as default
[0.625s] -- Found sensor_msgs: 4.2.3 (/opt/ros/humble/share/sensor_msgs/cmake)
[0.743s] -- Found ament_lint_auto: 0.12.9 (/opt/ros/humble/share/ament_lint_auto/cmake)
[0.838s] -- Added test 'cppcheck' to perform static code analysis on C / C++ code
[0.838s] -- Configured cppcheck include dirs: 
[0.838s] -- Configured cppcheck exclude dirs and/or files: 
[0.838s] -- Added test 'lint_cmake' to check CMake code style
[0.840s] -- Added test 'uncrustify' to check C / C++ code style
[0.840s] -- Configured uncrustify additional arguments: 
[0.840s] -- Added test 'xmllint' to check XML markup files
[0.841s] -- Configuring done
[0.851s] -- Generating done
[0.853s] -- Build files have been written to: /home/shen/learn/ROS2/enet_driver_ws/build/enet_sender_node
[0.903s] [35m[1mConsolidate compiler generated dependencies of target enet_sender_node[0m
[0.945s] [ 50%] [32mBuilding CXX object CMakeFiles/enet_sender_node.dir/src/enet_sender.cpp.o[0m
[1.315s] In file included from [01m[K/usr/include/x86_64-linux-gnu/c++/11/bits/gthr-default.h:35[m[K,
[1.316s]                  from [01m[K/usr/include/x86_64-linux-gnu/c++/11/bits/gthr.h:148[m[K,
[1.316s]                  from [01m[K/usr/include/c++/11/ext/atomicity.h:35[m[K,
[1.316s]                  from [01m[K/usr/include/c++/11/bits/shared_ptr_base.h:61[m[K,
[1.317s]                  from [01m[K/usr/include/c++/11/bits/shared_ptr.h:53[m[K,
[1.317s]                  from [01m[K/usr/include/c++/11/memory:77[m[K,
[1.317s]                  from [01m[K/opt/ros/humble/include/rclcpp/rclcpp/rclcpp.hpp:153[m[K,
[1.317s]                  from [01m[K/home/shen/learn/ROS2/enet_driver_ws/src/enet_sender_node/src/enet_sender.cpp:1[m[K:
[1.317s] [01m[K/usr/include/pthread.h:244:34:[m[K [01;31m[Kerror: [m[Kâ€˜[01m[Kclockid_t[m[Kâ€™ has not been declared
[1.317s]   244 |                                  [01;31m[Kclockid_t[m[K __clockid,
[1.318s]       |                                  [01;31m[K^~~~~~~~~[m[K
[1.318s] [01m[K/usr/include/pthread.h:818:37:[m[K [01;31m[Kerror: [m[Kâ€˜[01m[Kclockid_t[m[Kâ€™ has not been declared
[1.318s]   818 |                                     [01;31m[Kclockid_t[m[K __clockid,
[1.318s]       |                                     [01;31m[K^~~~~~~~~[m[K
[1.318s] [01m[K/usr/include/pthread.h:1005:40:[m[K [01;31m[Kerror: [m[Kâ€˜[01m[Kclockid_t[m[Kâ€™ has not been declared
[1.318s]  1005 |                                        [01;31m[Kclockid_t[m[K __clockid,
[1.319s]       |                                        [01;31m[K^~~~~~~~~[m[K
[1.319s] [01m[K/usr/include/pthread.h:1052:40:[m[K [01;31m[Kerror: [m[Kâ€˜[01m[Kclockid_t[m[Kâ€™ has not been declared
[1.319s]  1052 |                                        [01;31m[Kclockid_t[m[K __clockid,
[1.319s]       |                                        [01;31m[K^~~~~~~~~[m[K
[1.342s] In file included from [01m[K/usr/include/c++/11/chrono:42[m[K,
[1.342s]                  from [01m[K/usr/include/c++/11/mutex:39[m[K,
[1.342s]                  from [01m[K/usr/include/c++/11/future:38[m[K,
[1.342s]                  from [01m[K/opt/ros/humble/include/rclcpp/rclcpp/executors.hpp:18[m[K,
[1.342s]                  from [01m[K/opt/ros/humble/include/rclcpp/rclcpp/rclcpp.hpp:155[m[K,
[1.343s]                  from [01m[K/home/shen/learn/ROS2/enet_driver_ws/src/enet_sender_node/src/enet_sender.cpp:1[m[K:
[1.343s] [01m[K/usr/include/c++/11/ctime:60:11:[m[K [01;31m[Kerror: [m[Kâ€˜[01m[Kclock_t[m[Kâ€™ has not been declared in â€˜[01m[K::[m[Kâ€™
[1.343s]    60 |   using ::[01;31m[Kclock_t[m[K;
[1.343s]       |           [01;31m[K^~~~~~~[m[K
[1.343s] [01m[K/usr/include/c++/11/ctime:64:11:[m[K [01;31m[Kerror: [m[Kâ€˜[01m[Kclock[m[Kâ€™ has not been declared in â€˜[01m[K::[m[Kâ€™
[1.344s]    64 |   using ::[01;31m[Kclock[m[K;
[1.344s]       |           [01;31m[K^~~~~[m[K
[1.344s] [01m[K/usr/include/c++/11/ctime:65:11:[m[K [01;31m[Kerror: [m[Kâ€˜[01m[Kdifftime[m[Kâ€™ has not been declared in â€˜[01m[K::[m[Kâ€™
[1.344s]    65 |   using ::[01;31m[Kdifftime[m[K;
[1.344s]       |           [01;31m[K^~~~~~~~[m[K
[1.344s] [01m[K/usr/include/c++/11/ctime:66:11:[m[K [01;31m[Kerror: [m[Kâ€˜[01m[Kmktime[m[Kâ€™ has not been declared in â€˜[01m[K::[m[Kâ€™
[1.345s]    66 |   using ::[01;31m[Kmktime[m[K;
[1.345s]       |           [01;31m[K^~~~~~[m[K
[1.345s] [01m[K/usr/include/c++/11/ctime:67:11:[m[K [01;31m[Kerror: [m[Kâ€˜[01m[Ktime[m[Kâ€™ has not been declared in â€˜[01m[K::[m[Kâ€™
[1.345s]    67 |   using ::[01;31m[Ktime[m[K;
[1.345s]       |           [01;31m[K^~~~[m[K
[1.346s] [01m[K/usr/include/c++/11/ctime:68:11:[m[K [01;31m[Kerror: [m[Kâ€˜[01m[Kasctime[m[Kâ€™ has not been declared in â€˜[01m[K::[m[Kâ€™
[1.346s]    68 |   using ::[01;31m[Kasctime[m[K;
[1.346s]       |           [01;31m[K^~~~~~~[m[K
[1.346s] [01m[K/usr/include/c++/11/ctime:69:11:[m[K [01;31m[Kerror: [m[Kâ€˜[01m[Kctime[m[Kâ€™ has not been declared in â€˜[01m[K::[m[Kâ€™
[1.346s]    69 |   using ::[01;31m[Kctime[m[K;
[1.346s]       |           [01;31m[K^~~~~[m[K
[1.347s] [01m[K/usr/include/c++/11/ctime:70:11:[m[K [01;31m[Kerror: [m[Kâ€˜[01m[Kgmtime[m[Kâ€™ has not been declared in â€˜[01m[K::[m[Kâ€™
[1.347s]    70 |   using ::[01;31m[Kgmtime[m[K;
[1.347s]       |           [01;31m[K^~~~~~[m[K
[1.347s] [01m[K/usr/include/c++/11/ctime:71:11:[m[K [01;31m[Kerror: [m[Kâ€˜[01m[Klocaltime[m[Kâ€™ has not been declared in â€˜[01m[K::[m[Kâ€™
[1.347s]    71 |   using ::[01;31m[Klocaltime[m[K;
[1.347s]       |           [01;31m[K^~~~~~~~~[m[K
[1.348s] [01m[K/usr/include/c++/11/ctime:72:11:[m[K [01;31m[Kerror: [m[Kâ€˜[01m[Kstrftime[m[Kâ€™ has not been declared in â€˜[01m[K::[m[Kâ€™
[1.348s]    72 |   using ::[01;31m[Kstrftime[m[K;
[1.348s]       |           [01;31m[K^~~~~~~~[m[K
[1.348s] [01m[K/usr/include/c++/11/ctime:80:11:[m[K [01;31m[Kerror: [m[Kâ€˜[01m[Ktimespec_get[m[Kâ€™ has not been declared in â€˜[01m[K::[m[Kâ€™
[1.348s]    80 |   using ::[01;31m[Ktimespec_get[m[K;
[1.348s]       |           [01;31m[K^~~~~~~~~~~~[m[K
[1.424s] In file included from [01m[K/usr/include/c++/11/future:38[m[K,
[1.425s]                  from [01m[K/opt/ros/humble/include/rclcpp/rclcpp/executors.hpp:18[m[K,
[1.425s]                  from [01m[K/opt/ros/humble/include/rclcpp/rclcpp/rclcpp.hpp:155[m[K,
[1.425s]                  from [01m[K/home/shen/learn/ROS2/enet_driver_ws/src/enet_sender_node/src/enet_sender.cpp:1[m[K:
[1.425s] [01m[K/usr/include/c++/11/mutex:[m[K In member function â€˜[01m[Kbool std::__timed_mutex_impl<_Derived>::_M_try_lock_until(const std::chrono::time_point<std::chrono::_V2::steady_clock, _Duration>&)[m[Kâ€™:
[1.425s] [01m[K/usr/include/c++/11/mutex:185:61:[m[K [01;31m[Kerror: [m[Kâ€˜[01m[KCLOCK_MONOTONIC[m[Kâ€™ was not declared in this scope
[1.425s]   185 |           return static_cast<_Derived*>(this)->_M_clocklock([01;31m[KCLOCK_MONOTONIC[m[K,
[1.426s]       |                                                             [01;31m[K^~~~~~~~~~~~~~~[m[K
[1.433s] In file included from [01m[K/usr/include/c++/11/future:39[m[K,
[1.433s]                  from [01m[K/opt/ros/humble/include/rclcpp/rclcpp/executors.hpp:18[m[K,
[1.433s]                  from [01m[K/opt/ros/humble/include/rclcpp/rclcpp/rclcpp.hpp:155[m[K,
[1.433s]                  from [01m[K/home/shen/learn/ROS2/enet_driver_ws/src/enet_sender_node/src/enet_sender.cpp:1[m[K:
[1.433s] [01m[K/usr/include/c++/11/condition_variable:[m[K In member function â€˜[01m[Kstd::cv_status std::condition_variable::__wait_until_impl(std::unique_lock<std::mutex>&, const std::chrono::time_point<std::chrono::_V2::steady_clock, _Duration>&)[m[Kâ€™:
[1.434s] [01m[K/usr/include/c++/11/condition_variable:201:45:[m[K [01;31m[Kerror: [m[Kâ€˜[01m[KCLOCK_MONOTONIC[m[Kâ€™ was not declared in this scope
[1.434s]   201 |         _M_cond.wait_until(*__lock.mutex(), [01;31m[KCLOCK_MONOTONIC[m[K, __ts);
[1.434s]       |                                             [01;31m[K^~~~~~~~~~~~~~~[m[K
[1.517s] In file included from [01m[K/usr/include/c++/11/thread:44[m[K,
[1.518s]                  from [01m[K/opt/ros/humble/include/rclcpp/rclcpp/executors/multi_threaded_executor.hpp:22[m[K,
[1.518s]                  from [01m[K/opt/ros/humble/include/rclcpp/rclcpp/executors.hpp:21[m[K,
[1.518s]                  from [01m[K/opt/ros/humble/include/rclcpp/rclcpp/rclcpp.hpp:155[m[K,
[1.518s]                  from [01m[K/home/shen/learn/ROS2/enet_driver_ws/src/enet_sender_node/src/enet_sender.cpp:1[m[K:
[1.518s] [01m[K/usr/include/c++/11/bits/this_thread_sleep.h:[m[K In function â€˜[01m[Kvoid std::this_thread::sleep_for(const std::chrono::duration<_Rep1, _Period1>&)[m[Kâ€™:
[1.519s] [01m[K/usr/include/c++/11/bits/this_thread_sleep.h:82:18:[m[K [01;31m[Kerror: [m[Kâ€˜[01m[K::nanosleep[m[Kâ€™ has not been declared
[1.519s]    82 |         while (::[01;31m[Knanosleep[m[K(&__ts, &__ts) == -1 && errno == EINTR)
[1.519s]       |                  [01;31m[K^~~~~~~~~[m[K
[1.924s] In file included from [01m[K/opt/ros/humble/include/rclcpp/rclcpp/experimental/intra_process_manager.hpp:20[m[K,
[1.924s]                  from [01m[K/opt/ros/humble/include/rclcpp/rclcpp/subscription_base.hpp:34[m[K,
[1.925s]                  from [01m[K/opt/ros/humble/include/rclcpp/rclcpp/callback_group.hpp:29[m[K,
[1.925s]                  from [01m[K/opt/ros/humble/include/rclcpp/rclcpp/any_executable.hpp:20[m[K,
[1.925s]                  from [01m[K/opt/ros/humble/include/rclcpp/rclcpp/memory_strategy.hpp:25[m[K,
[1.925s]                  from [01m[K/opt/ros/humble/include/rclcpp/rclcpp/memory_strategies.hpp:18[m[K,
[1.926s]                  from [01m[K/opt/ros/humble/include/rclcpp/rclcpp/executor_options.hpp:20[m[K,
[1.926s]                  from [01m[K/opt/ros/humble/include/rclcpp/rclcpp/executor.hpp:37[m[K,
[1.926s]                  from [01m[K/opt/ros/humble/include/rclcpp/rclcpp/executors/multi_threaded_executor.hpp:25[m[K,
[1.926s]                  from [01m[K/opt/ros/humble/include/rclcpp/rclcpp/executors.hpp:21[m[K,
[1.926s]                  from [01m[K/opt/ros/humble/include/rclcpp/rclcpp/rclcpp.hpp:155[m[K,
[1.926s]                  from [01m[K/home/shen/learn/ROS2/enet_driver_ws/src/enet_sender_node/src/enet_sender.cpp:1[m[K:
[1.927s] [01m[K/usr/include/c++/11/shared_mutex:[m[K In member function â€˜[01m[Kbool std::shared_timed_mutex::try_lock_until(const std::chrono::time_point<std::chrono::_V2::steady_clock, _Duration>&)[m[Kâ€™:
[1.927s] [01m[K/usr/include/c++/11/shared_mutex:546:60:[m[K [01;31m[Kerror: [m[Kâ€˜[01m[KCLOCK_MONOTONIC[m[Kâ€™ was not declared in this scope
[1.927s]   546 |         int __ret = pthread_rwlock_clockwrlock(&_M_rwlock, [01;31m[KCLOCK_MONOTONIC[m[K,
[1.927s]       |                                                            [01;31m[K^~~~~~~~~~~~~~~[m[K
[1.932s] [01m[K/usr/include/c++/11/shared_mutex:[m[K In member function â€˜[01m[Kbool std::shared_timed_mutex::try_lock_shared_until(const std::chrono::time_point<std::chrono::_V2::steady_clock, _Duration>&)[m[Kâ€™:
[1.932s] [01m[K/usr/include/c++/11/shared_mutex:633:60:[m[K [01;31m[Kerror: [m[Kâ€˜[01m[KCLOCK_MONOTONIC[m[Kâ€™ was not declared in this scope
[1.932s]   633 |         int __ret = pthread_rwlock_clockrdlock(&_M_rwlock, [01;31m[KCLOCK_MONOTONIC[m[K,
[1.933s]       |                                                            [01;31m[K^~~~~~~~~~~~~~~[m[K
[5.374s] gmake[2]: *** [CMakeFiles/enet_sender_node.dir/build.make:76ï¼šCMakeFiles/enet_sender_node.dir/src/enet_sender.cpp.o] é”™è¯¯ 1
[5.375s] gmake[1]: *** [CMakeFiles/Makefile2:137ï¼šCMakeFiles/enet_sender_node.dir/all] é”™è¯¯ 2
[5.375s] gmake: *** [Makefile:146ï¼šall] é”™è¯¯ 2
[5.381s] Invoked command in '/home/shen/learn/ROS2/enet_driver_ws/build/enet_sender_node' returned '2': CMAKE_PREFIX_PATH=${CMAKE_PREFIX_PATH}:/opt/ros/humble /usr/bin/cmake --build /home/shen/learn/ROS2/enet_driver_ws/build/enet_sender_node -- -j16 -l16
