<?xml version="1.0" encoding="UTF-8"?>
<Site BuildName="(empty)"
	BuildStamp="20231122-0257-Experimental"
	Name="LAPTOP-13MJ9DKI"
	Generator="ctest-3.16.3"
	CompilerName="/usr/bin/g++"
	CompilerVersion="9.4.0"
	OSName="Linux"
	Hostname="LAPTOP-13MJ9DKI"
	OSRelease="5.15.133.1-microsoft-standard-WSL2"
	OSVersion="#1 SMP Thu Oct 5 21:02:42 UTC 2023"
	OSPlatform="x86_64"
	Is64Bits="1"
	VendorString="GenuineIntel"
	VendorID="Intel Corporation"
	FamilyID="6"
	ModelID="186"
	ProcessorCacheSize="18432"
	NumberOfLogicalCPU="16"
	NumberOfPhysicalCPU="8"
	TotalVirtualMemory="4096"
	TotalPhysicalMemory="15858"
	LogicalProcessorsPerPhysical="2"
	ProcessorClockFrequency="3187.22"
	>
	<Testing>
		<StartDateTime>Nov 22 10:57 CST</StartDateTime>
		<StartTestTime>1700621860</StartTestTime>
		<TestList/>
		<EndDateTime>Nov 22 10:57 CST</EndDateTime>
		<EndTestTime>1700621860</EndTestTime>
		<ElapsedMinutes>0</ElapsedMinutes>
	</Testing>
</Site>
