[0.068s] Invoking command in '/home/shen/learn/ROS2/build/my_record_utils': CMAKE_PREFIX_PATH=/opt/ros/humble /usr/bin/cmake /home/shen/learn/ROS2/record_ws/src/my_record_utils -DCMAKE_INSTALL_PREFIX=/home/shen/learn/ROS2/install/my_record_utils
[0.200s] -- The C compiler identification is GNU 11.4.0
[0.290s] -- The CXX compiler identification is GNU 11.4.0
[0.300s] -- Detecting C compiler ABI info
[0.399s] -- Detecting C compiler ABI info - done
[0.406s] -- Check for working C compiler: /usr/bin/cc - skipped
[0.406s] -- Detecting C compile features
[0.407s] -- Detecting C compile features - done
[0.411s] -- Detecting CXX compiler ABI info
[0.514s] -- Detecting CXX compiler ABI info - done
[0.525s] -- Check for working CXX compiler: /usr/bin/c++ - skipped
[0.526s] -- Detecting CXX compile features
[0.526s] -- Detecting CXX compile features - done
[0.537s] -- Found ament_cmake: 1.3.6 (/opt/ros/humble/share/ament_cmake/cmake)
[0.720s] -- Found Python3: /usr/bin/python3.10 (found version "3.10.12") found components: Interpreter 
[0.836s] -- Found rclcpp: 16.0.7 (/opt/ros/humble/share/rclcpp/cmake)
[0.891s] -- Found rosidl_generator_c: 3.1.5 (/opt/ros/humble/share/rosidl_generator_c/cmake)
[0.897s] -- Found rosidl_adapter: 3.1.5 (/opt/ros/humble/share/rosidl_adapter/cmake)
[0.907s] -- Found rosidl_generator_cpp: 3.1.5 (/opt/ros/humble/share/rosidl_generator_cpp/cmake)
[0.927s] -- Using all available rosidl_typesupport_c: rosidl_typesupport_fastrtps_c;rosidl_typesupport_introspection_c
[0.950s] -- Using all available rosidl_typesupport_cpp: rosidl_typesupport_fastrtps_cpp;rosidl_typesupport_introspection_cpp
[1.034s] -- Found rmw_implementation_cmake: 6.1.1 (/opt/ros/humble/share/rmw_implementation_cmake/cmake)
[1.037s] -- Found rmw_fastrtps_cpp: 6.2.5 (/opt/ros/humble/share/rmw_fastrtps_cpp/cmake)
[1.187s] -- Found OpenSSL: /usr/lib/x86_64-linux-gnu/libcrypto.so (found version "3.0.2")  
[1.222s] -- Found FastRTPS: /opt/ros/humble/include  
[1.277s] -- Using RMW implementation 'rmw_fastrtps_cpp' as default
[1.288s] -- Looking for pthread.h
[1.430s] -- Looking for pthread.h - found
[1.431s] -- Performing Test CMAKE_HAVE_LIBC_PTHREAD
[1.559s] -- Performing Test CMAKE_HAVE_LIBC_PTHREAD - Success
[1.561s] -- Found Threads: TRUE  
[1.739s] -- Found rosbag2_cpp: 0.15.8 (/opt/ros/humble/share/rosbag2_cpp/cmake)
[1.791s] -- Found can_msgs: 2.0.0 (/opt/ros/humble/share/can_msgs/cmake)
[1.838s] -- Found ament_lint_auto: 0.12.9 (/opt/ros/humble/share/ament_lint_auto/cmake)
[1.941s] -- Added test 'cppcheck' to perform static code analysis on C / C++ code
[1.941s] -- Configured cppcheck include dirs: 
[1.941s] -- Configured cppcheck exclude dirs and/or files: 
[1.941s] -- Added test 'flake8' to check Python code syntax and style conventions
[1.942s] -- Added test 'lint_cmake' to check CMake code style
[1.943s] -- Added test 'pep257' to check Python code against some of the docstring style conventions in PEP 257
[1.944s] -- Added test 'uncrustify' to check C / C++ code style
[1.945s] -- Configured uncrustify additional arguments: 
[1.945s] -- Added test 'xmllint' to check XML markup files
[1.946s] -- Configuring done
[1.957s] -- Generating done
[1.959s] -- Build files have been written to: /home/shen/learn/ROS2/build/my_record_utils
[1.969s] Invoked command in '/home/shen/learn/ROS2/build/my_record_utils' returned '0': CMAKE_PREFIX_PATH=/opt/ros/humble /usr/bin/cmake /home/shen/learn/ROS2/record_ws/src/my_record_utils -DCMAKE_INSTALL_PREFIX=/home/shen/learn/ROS2/install/my_record_utils
[1.971s] Invoking command in '/home/shen/learn/ROS2/build/my_record_utils': CMAKE_PREFIX_PATH=/opt/ros/humble /usr/bin/cmake --build /home/shen/learn/ROS2/build/my_record_utils -- -j16 -l16
[2.050s] [ 50%] [32mBuilding CXX object CMakeFiles/topic_recorder.dir/src/topic_recorder.cpp.o[0m
[4.385s] [01m[K/home/shen/learn/ROS2/record_ws/src/my_record_utils/src/topic_recorder.cpp:[m[K In constructor â€˜[01m[KTopicRecorder::TopicRecorder()[m[Kâ€™:
[4.385s] [01m[K/home/shen/learn/ROS2/record_ws/src/my_record_utils/src/topic_recorder.cpp:20:13:[m[K [01;31m[Kerror: [m[Koverloaded function with no contextual type information
[4.385s]    20 |     index = [01;31m[K0[m[K;
[4.385s]       |             [01;31m[K^[m[K
[4.386s] [01m[K/home/shen/learn/ROS2/record_ws/src/my_record_utils/src/topic_recorder.cpp:43:98:[m[K [01;31m[Kerror: [m[Kinvalid use of non-static member function â€˜[01m[Kvoid TopicRecorder::can_msg_callback(std::shared_ptr<rclcpp::SerializedMessage>) const[m[Kâ€™
[4.386s]    43 |         auto subscription = this->create_subscription<can_msgs::msg::Frame>(topic_info.name, 10, [01;31m[Kcan_msg_callback[m[K);
[4.386s]       |                                                                                                  [01;31m[K^~~~~~~~~~~~~~~~[m[K
[4.386s] [01m[K/home/shen/learn/ROS2/record_ws/src/my_record_utils/src/topic_recorder.cpp:51:8:[m[K [01;36m[Knote: [m[Kdeclared here
[4.386s]    51 |   void [01;36m[Kcan_msg_callback[m[K(std::shared_ptr<rclcpp::SerializedMessage> msg) const
[4.386s]       |        [01;36m[K^~~~~~~~~~~~~~~~[m[K
[4.881s] gmake[2]: *** [CMakeFiles/topic_recorder.dir/build.make:76ï¼šCMakeFiles/topic_recorder.dir/src/topic_recorder.cpp.o] é”™è¯¯ 1
[4.882s] gmake[1]: *** [CMakeFiles/Makefile2:137ï¼šCMakeFiles/topic_recorder.dir/all] é”™è¯¯ 2
[4.882s] gmake: *** [Makefile:146ï¼šall] é”™è¯¯ 2
[4.886s] Invoked command in '/home/shen/learn/ROS2/build/my_record_utils' returned '2': CMAKE_PREFIX_PATH=/opt/ros/humble /usr/bin/cmake --build /home/shen/learn/ROS2/build/my_record_utils -- -j16 -l16
