[35m[1mConsolidate compiler generated dependencies of target topic_recorder[0m
[ 50%] [32mBuilding CXX object CMakeFiles/topic_recorder.dir/src/topic_recorder.cpp.o[0m
[01m[K/home/shen/learn/ROS2/record_ws/src/my_record_utils/src/topic_recorder.cpp:[m[K In constructor â€˜[01m[KTopicRecorder::TopicRecorder()[m[Kâ€™:
[01m[K/home/shen/learn/ROS2/record_ws/src/my_record_utils/src/topic_recorder.cpp:43:63:[m[K [01;31m[Kerror: [m[Kâ€˜[01m[K_1[m[Kâ€™ was not declared in this scope; did you mean â€˜[01m[Kstd::placeholders::_1[m[Kâ€™?
   43 |             std::bind(&TopicRecorder::can_msg_callback, this, [01;31m[K_1[m[K));
      |                                                               [01;31m[K^~[m[K
      |                                                               [32m[Kstd::placeholders::_1[m[K
In file included from [01m[K/usr/include/c++/11/pstl/glue_algorithm_defs.h:13[m[K,
                 from [01m[K/usr/include/c++/11/algorithm:74[m[K,
                 from [01m[K/opt/ros/humble/include/rclcpp/rclcpp/executor.hpp:18[m[K,
                 from [01m[K/opt/ros/humble/include/rclcpp/rclcpp/executors/multi_threaded_executor.hpp:25[m[K,
                 from [01m[K/opt/ros/humble/include/rclcpp/rclcpp/executors.hpp:21[m[K,
                 from [01m[K/opt/ros/humble/include/rclcpp/rclcpp/rclcpp.hpp:155[m[K,
                 from [01m[K/home/shen/learn/ROS2/record_ws/src/my_record_utils/src/topic_recorder.cpp:1[m[K:
[01m[K/usr/include/c++/11/functional:225:34:[m[K [01;36m[Knote: [m[Kâ€˜[01m[Kstd::placeholders::_1[m[Kâ€™ declared here
  225 |     extern const _Placeholder<1> [01;36m[K_1[m[K;
      |                                  [01;36m[K^~[m[K
gmake[2]: *** [CMakeFiles/topic_recorder.dir/build.make:76ï¼šCMakeFiles/topic_recorder.dir/src/topic_recorder.cpp.o] é”™è¯¯ 1
gmake[1]: *** [CMakeFiles/Makefile2:137ï¼šCMakeFiles/topic_recorder.dir/all] é”™è¯¯ 2
gmake: *** [Makefile:146ï¼šall] é”™è¯¯ 2
